\BOOKMARK [0][-]{chapter*.1}{\376\377\000P\000o\000d\001\033\000k\000o\000v\000\341\000n\000\355}{}% 1
\BOOKMARK [0][-]{chapter*.2}{\376\377\000P\000r\000o\000h\000l\000\341\001\141\000e\000n\000\355}{}% 2
\BOOKMARK [0][-]{chapter*.3}{\376\377\000A\000b\000s\000t\000r\000a\000k\000t}{}% 3
\BOOKMARK [0][-]{chapter*.4}{\376\377\000A\000b\000s\000t\000r\000a\000c\000t}{}% 4
\BOOKMARK [0][-]{chapter*.9}{\376\377\000S\000e\000z\000n\000a\000m\000\040\000z\000k\000r\000a\000t\000e\000k}{}% 5
\BOOKMARK [0][-]{chapter*.10}{\376\377\000\332\000v\000o\000d}{}% 6
\BOOKMARK [0][-]{chapter.1}{\376\377\000C\000\355\000l\000\040\000p\000r\000\341\000c\000e}{}% 7
\BOOKMARK [0][-]{chapter.2}{\376\377\000A\000n\000a\000l\000\375\000z\000a}{}% 8
\BOOKMARK [1][-]{section.2.1}{\376\377\000T\000e\000o\000r\000i\000e\000\040\000b\000a\000r\000e\000v}{chapter.2}% 9
\BOOKMARK [1][-]{section.2.2}{\376\377\000B\000a\000r\000e\000v\000n\000\351\000\040\000s\000a\000d\000y\000\040\000a\000\040\000t\000v\000o\000r\000b\000a\000\040\000b\000a\000r\000e\000v\000n\000\375\000c\000h\000\040\000p\000a\000l\000e\000t}{chapter.2}% 10
\BOOKMARK [1][-]{section.2.3}{\376\377\000E\000x\000t\000r\000a\000k\000c\000e\000\040\000i\000n\000f\000o\000r\000m\000a\000c\000e\000\040\000z\000\040\000f\000o\000t\000o\000g\000r\000a\000f\000i\000e\000\040\000a\000\040\000A\000R}{chapter.2}% 11
\BOOKMARK [1][-]{section.2.4}{\376\377\000R\000e\001\141\000e\000r\001\141\000e\000\040\000e\000x\000i\000s\000t\000u\000j\000\355\000c\000\355\000c\000h\000\040\001\131\000e\001\141\000e\000n\000\355}{chapter.2}% 12
\BOOKMARK [1][-]{section.2.5}{\376\377\000P\000o\001\176\000a\000d\000a\000v\000k\000y}{chapter.2}% 13
\BOOKMARK [1][-]{section.2.6}{\376\377\000M\000o\000d\000e\000l\000\040\000p\001\131\000\355\000p\000a\000d\000u\000\040\000u\001\176\000i\000t\000\355}{chapter.2}% 14
\BOOKMARK [0][-]{chapter.3}{\376\377\000N\000\341\000v\000r\000h}{}% 15
\BOOKMARK [0][-]{chapter.4}{\376\377\000I\000m\000p\000l\000e\000m\000e\000n\000t\000a\000c\000e}{}% 16
\BOOKMARK [0][-]{chapter.5}{\376\377\000T\000e\000s\000t\000o\000v\000\341\000n\000\355}{}% 17
\BOOKMARK [0][-]{chapter.6}{\376\377\000V\000y\000h\000o\000d\000n\000o\000c\000e\000n\000\355\000,\000\040\000d\000a\000l\001\141\000\355\000\040\000r\000o\000z\000v\000o\000j}{}% 18
\BOOKMARK [0][-]{chapter*.11}{\376\377\000Z\000\341\000v\001\033\000r}{}% 19
\BOOKMARK [0][-]{chapter*.12}{\376\377\000L\000i\000t\000e\000r\000a\000t\000u\000r\000a}{}% 20
\BOOKMARK [0][-]{appendix.A}{\376\377\000U\000k\000\341\000z\000k\000y}{}% 21
\BOOKMARK [0][-]{appendix*.13}{\376\377\000O\000b\000s\000a\000h\000\040\000p\001\131\000\355\000l\000o\000h}{}% 22
